# JRE version: Java(TM) SE Runtime Environment (8.0_51-b16) (build 1.8.0_51-b16)
# Java VM: Java HotSpot(TM) 64-Bit Server VM (25.51-b03 mixed mode windows-amd64 compressed oops)
Heap:
 PSYoungGen      total 19968K, used 11296K [0x00000000eb800000, 0x00000000ecf80000, 0x0000000100000000)
  eden space 15872K, 50% used [0x00000000eb800000,0x00000000ebfc0078,0x00000000ec780000)
  from space 4096K, 82% used [0x00000000ecb80000,0x00000000ecec8000,0x00000000ecf80000)
  to   space 4096K, 0% used [0x00000000ec780000,0x00000000ec780000,0x00000000ecb80000)
 ParOldGen       total 42496K, used 6182K [0x00000000c2800000, 0x00000000c5180000, 0x00000000eb800000)
  object space 42496K, 14% used [0x00000000c2800000,0x00000000c2e099c0,0x00000000c5180000)
 Metaspace       used 5220K, capacity 6011K, committed 6272K, reserved 1056768K
  class space    used 494K, capacity 528K, committed 640K, reserved 1048576K
GC Heap History (10 events):
Event: 779.669 GC heap before
{Heap before GC invocations=8 (full 0):
 PSYoungGen      total 19968K, used 19232K [0x00000000eb800000, 0x00000000ed080000, 0x0000000100000000)
  eden space 15872K, 100% used [0x00000000eb800000,0x00000000ec780000,0x00000000ec780000)
  from space 4096K, 82% used [0x00000000ec800000,0x00000000ecb48000,0x00000000ecc00000)
  to   space 4608K, 0% used [0x00000000ecc00000,0x00000000ecc00000,0x00000000ed080000)
 ParOldGen       total 42496K, used 6166K [0x00000000c2800000, 0x00000000c5180000, 0x00000000eb800000)
  object space 42496K, 14% used [0x00000000c2800000,0x00000000c2e059c0,0x00000000c5180000)
 Metaspace       used 5220K, capacity 6011K, committed 6272K, reserved 1056768K
  class space    used 494K, capacity 528K, committed 640K, reserved 1048576K
Event: 779.690 GC heap after
Heap after GC invocations=8 (full 0):
 PSYoungGen      total 20480K, used 3360K [0x00000000eb800000, 0x00000000ed080000, 0x0000000100000000)
  eden space 15872K, 0% used [0x00000000eb800000,0x00000000eb800000,0x00000000ec780000)
  from space 4608K, 72% used [0x00000000ecc00000,0x00000000ecf48000,0x00000000ed080000)
  to   space 4608K, 0% used [0x00000000ec780000,0x00000000ec780000,0x00000000ecc00000)
 ParOldGen       total 42496K, used 6166K [0x00000000c2800000, 0x00000000c5180000, 0x00000000eb800000)
  object space 42496K, 14% used [0x00000000c2800000,0x00000000c2e059c0,0x00000000c5180000)
 Metaspace       used 5220K, capacity 6011K, committed 6272K, reserved 1056768K
  class space    used 494K, capacity 528K, committed 640K, reserved 1048576K
}
Event: 878.124 GC heap before
{Heap before GC invocations=9 (full 0):
 PSYoungGen      total 20480K, used 19232K [0x00000000eb800000, 0x00000000ed080000, 0x0000000100000000)
  eden space 15872K, 100% used [0x00000000eb800000,0x00000000ec780000,0x00000000ec780000)
  from space 4608K, 72% used [0x00000000ecc00000,0x00000000ecf48000,0x00000000ed080000)
  to   space 4608K, 0% used [0x00000000ec780000,0x00000000ec780000,0x00000000ecc00000)
 ParOldGen       total 42496K, used 6166K [0x00000000c2800000, 0x00000000c5180000, 0x00000000eb800000)
  object space 42496K, 14% used [0x00000000c2800000,0x00000000c2e059c0,0x00000000c5180000)
 Metaspace       used 5220K, capacity 6011K, committed 6272K, reserved 1056768K
  class space    used 494K, capacity 528K, committed 640K, reserved 1048576K
Event: 878.145 GC heap after
Heap after GC invocations=9 (full 0):
 PSYoungGen      total 20480K, used 3360K [0x00000000eb800000, 0x00000000ed080000, 0x0000000100000000)
  eden space 15872K, 0% used [0x00000000eb800000,0x00000000eb800000,0x00000000ec780000)
  from space 4608K, 72% used [0x00000000ec780000,0x00000000ecac8000,0x00000000ecc00000)
  to   space 4608K, 0% used [0x00000000ecc00000,0x00000000ecc00000,0x00000000ed080000)
 ParOldGen       total 42496K, used 6166K [0x00000000c2800000, 0x00000000c5180000, 0x00000000eb800000)
  object space 42496K, 14% used [0x00000000c2800000,0x00000000c2e059c0,0x00000000c5180000)
 Metaspace       used 5220K, capacity 6011K, committed 6272K, reserved 1056768K
  class space    used 494K, capacity 528K, committed 640K, reserved 1048576K
}
Event: 976.556 GC heap before
{Heap before GC invocations=10 (full 0):
 PSYoungGen      total 20480K, used 19232K [0x00000000eb800000, 0x00000000ed080000, 0x0000000100000000)
  eden space 15872K, 100% used [0x00000000eb800000,0x00000000ec780000,0x00000000ec780000)
  from space 4608K, 72% used [0x00000000ec780000,0x00000000ecac8000,0x00000000ecc00000)
  to   space 4608K, 0% used [0x00000000ecc00000,0x00000000ecc00000,0x00000000ed080000)
 ParOldGen       total 42496K, used 6166K [0x00000000c2800000, 0x00000000c5180000, 0x00000000eb800000)
  object space 42496K, 14% used [0x00000000c2800000,0x00000000c2e059c0,0x00000000c5180000)
 Metaspace       used 5220K, capacity 6011K, committed 6272K, reserved 1056768K
  class space    used 494K, capacity 528K, committed 640K, reserved 1048576K
Event: 976.578 GC heap after
Heap after GC invocations=10 (full 0):
 PSYoungGen      total 20480K, used 3360K [0x00000000eb800000, 0x00000000ed080000, 0x0000000100000000)
  eden space 15872K, 0% used [0x00000000eb800000,0x00000000eb800000,0x00000000ec780000)
  from space 4608K, 72% used [0x00000000ecc00000,0x00000000ecf48000,0x00000000ed080000)
  to   space 4608K, 0% used [0x00000000ec780000,0x00000000ec780000,0x00000000ecc00000)
 ParOldGen       total 42496K, used 6166K [0x00000000c2800000, 0x00000000c5180000, 0x00000000eb800000)
  object space 42496K, 14% used [0x00000000c2800000,0x00000000c2e059c0,0x00000000c5180000)
 Metaspace       used 5220K, capacity 6011K, committed 6272K, reserved 1056768K
  class space    used 494K, capacity 528K, committed 640K, reserved 1048576K
}
Event: 1074.979 GC heap before
{Heap before GC invocations=11 (full 0):
 PSYoungGen      total 20480K, used 19232K [0x00000000eb800000, 0x00000000ed080000, 0x0000000100000000)
  eden space 15872K, 100% used [0x00000000eb800000,0x00000000ec780000,0x00000000ec780000)
  from space 4608K, 72% used [0x00000000ecc00000,0x00000000ecf48000,0x00000000ed080000)
  to   space 4608K, 0% used [0x00000000ec780000,0x00000000ec780000,0x00000000ecc00000)
 ParOldGen       total 42496K, used 6166K [0x00000000c2800000, 0x00000000c5180000, 0x00000000eb800000)
  object space 42496K, 14% used [0x00000000c2800000,0x00000000c2e059c0,0x00000000c5180000)
 Metaspace       used 5220K, capacity 6011K, committed 6272K, reserved 1056768K
  class space    used 494K, capacity 528K, committed 640K, reserved 1048576K
Event: 1074.999 GC heap after
Heap after GC invocations=11 (full 0):
 PSYoungGen      total 19456K, used 3360K [0x00000000eb800000, 0x00000000ecf80000, 0x0000000100000000)
  eden space 15872K, 0% used [0x00000000eb800000,0x00000000eb800000,0x00000000ec780000)
  from space 3584K, 93% used [0x00000000ec780000,0x00000000ecac8000,0x00000000ecb00000)
  to   space 4096K, 0% used [0x00000000ecb80000,0x00000000ecb80000,0x00000000ecf80000)
 ParOldGen       total 42496K, used 6166K [0x00000000c2800000, 0x00000000c5180000, 0x00000000eb800000)
  object space 42496K, 14% used [0x00000000c2800000,0x00000000c2e059c0,0x00000000c5180000)
 Metaspace       used 5220K, capacity 6011K, committed 6272K, reserved 1056768K
  class space    used 494K, capacity 528K, committed 640K, reserved 1048576K
}
Event: 1173.410 GC heap before
{Heap before GC invocations=12 (full 0):
 PSYoungGen      total 19456K, used 19232K [0x00000000eb800000, 0x00000000ecf80000, 0x0000000100000000)
  eden space 15872K, 100% used [0x00000000eb800000,0x00000000ec780000,0x00000000ec780000)
  from space 3584K, 93% used [0x00000000ec780000,0x00000000ecac8000,0x00000000ecb00000)
  to   space 4096K, 0% used [0x00000000ecb80000,0x00000000ecb80000,0x00000000ecf80000)
 ParOldGen       total 42496K, used 6166K [0x00000000c2800000, 0x00000000c5180000, 0x00000000eb800000)
  object space 42496K, 14% used [0x00000000c2800000,0x00000000c2e059c0,0x00000000c5180000)
 Metaspace       used 5220K, capacity 6011K, committed 6272K, reserved 1056768K
  class space    used 494K, capacity 528K, committed 640K, reserved 1048576K
Event: 1173.431 GC heap after
Heap after GC invocations=12 (full 0):
 PSYoungGen      total 19968K, used 3360K [0x00000000eb800000, 0x00000000ecf80000, 0x0000000100000000)
  eden space 15872K, 0% used [0x00000000eb800000,0x00000000eb800000,0x00000000ec780000)
  from space 4096K, 82% used [0x00000000ecb80000,0x00000000ecec8000,0x00000000ecf80000)
  to   space 4096K, 0% used [0x00000000ec780000,0x00000000ec780000,0x00000000ecb80000)
 ParOldGen       total 42496K, used 6182K [0x00000000c2800000, 0x00000000c5180000, 0x00000000eb800000)
  object space 42496K, 14% used [0x00000000c2800000,0x00000000c2e099c0,0x00000000c5180000)
 Metaspace       used 5220K, capacity 6011K, committed 6272K, reserved 1056768K
  class space    used 494K, capacity 528K, committed 640K, reserved 1048576K
}

