# JRE version: Java(TM) SE Runtime Environment (8.0_51-b16) (build 1.8.0_51-b16)
# Java VM: Java HotSpot(TM) 64-Bit Server VM (25.51-b03 mixed mode windows-amd64 compressed oops)
Heap:
 PSYoungGen      total 19968K, used 17009K [0x00000000eb800000, 0x00000000ecf80000, 0x0000000100000000)
  eden space 15872K, 85% used [0x00000000eb800000,0x00000000ec5545c0,0x00000000ec780000)
  from space 4096K, 82% used [0x00000000ecb80000,0x00000000ecec8000,0x00000000ecf80000)
  to   space 4096K, 0% used [0x00000000ec780000,0x00000000ec780000,0x00000000ecb80000)
 ParOldGen       total 42496K, used 6087K [0x00000000c2800000, 0x00000000c5180000, 0x00000000eb800000)
  object space 42496K, 14% used [0x00000000c2800000,0x00000000c2df1d10,0x00000000c5180000)
 Metaspace       used 5200K, capacity 6011K, committed 6272K, reserved 1056768K
  class space    used 494K, capacity 528K, committed 640K, reserved 1048576K
GC Heap History (10 events):
Event: 786.200 GC heap before
{Heap before GC invocations=8 (full 0):
 PSYoungGen      total 19968K, used 19232K [0x00000000eb800000, 0x00000000ecf80000, 0x0000000100000000)
  eden space 15872K, 100% used [0x00000000eb800000,0x00000000ec780000,0x00000000ec780000)
  from space 4096K, 82% used [0x00000000ec780000,0x00000000ecac8000,0x00000000ecb80000)
  to   space 4096K, 0% used [0x00000000ecb80000,0x00000000ecb80000,0x00000000ecf80000)
 ParOldGen       total 42496K, used 6063K [0x00000000c2800000, 0x00000000c5180000, 0x00000000eb800000)
  object space 42496K, 14% used [0x00000000c2800000,0x00000000c2debd10,0x00000000c5180000)
 Metaspace       used 5200K, capacity 6011K, committed 6272K, reserved 1056768K
  class space    used 494K, capacity 528K, committed 640K, reserved 1048576K
Event: 786.221 GC heap after
Heap after GC invocations=8 (full 0):
 PSYoungGen      total 19968K, used 3360K [0x00000000eb800000, 0x00000000ecf80000, 0x0000000100000000)
  eden space 15872K, 0% used [0x00000000eb800000,0x00000000eb800000,0x00000000ec780000)
  from space 4096K, 82% used [0x00000000ecb80000,0x00000000ecec8000,0x00000000ecf80000)
  to   space 4096K, 0% used [0x00000000ec780000,0x00000000ec780000,0x00000000ecb80000)
 ParOldGen       total 42496K, used 6063K [0x00000000c2800000, 0x00000000c5180000, 0x00000000eb800000)
  object space 42496K, 14% used [0x00000000c2800000,0x00000000c2debd10,0x00000000c5180000)
 Metaspace       used 5200K, capacity 6011K, committed 6272K, reserved 1056768K
  class space    used 494K, capacity 528K, committed 640K, reserved 1048576K
}
Event: 884.621 GC heap before
{Heap before GC invocations=9 (full 0):
 PSYoungGen      total 19968K, used 19232K [0x00000000eb800000, 0x00000000ecf80000, 0x0000000100000000)
  eden space 15872K, 100% used [0x00000000eb800000,0x00000000ec780000,0x00000000ec780000)
  from space 4096K, 82% used [0x00000000ecb80000,0x00000000ecec8000,0x00000000ecf80000)
  to   space 4096K, 0% used [0x00000000ec780000,0x00000000ec780000,0x00000000ecb80000)
 ParOldGen       total 42496K, used 6063K [0x00000000c2800000, 0x00000000c5180000, 0x00000000eb800000)
  object space 42496K, 14% used [0x00000000c2800000,0x00000000c2debd10,0x00000000c5180000)
 Metaspace       used 5200K, capacity 6011K, committed 6272K, reserved 1056768K
  class space    used 494K, capacity 528K, committed 640K, reserved 1048576K
Event: 884.642 GC heap after
Heap after GC invocations=9 (full 0):
 PSYoungGen      total 19968K, used 3360K [0x00000000eb800000, 0x00000000ecf80000, 0x0000000100000000)
  eden space 15872K, 0% used [0x00000000eb800000,0x00000000eb800000,0x00000000ec780000)
  from space 4096K, 82% used [0x00000000ec780000,0x00000000ecac8000,0x00000000ecb80000)
  to   space 4096K, 0% used [0x00000000ecb80000,0x00000000ecb80000,0x00000000ecf80000)
 ParOldGen       total 42496K, used 6063K [0x00000000c2800000, 0x00000000c5180000, 0x00000000eb800000)
  object space 42496K, 14% used [0x00000000c2800000,0x00000000c2debd10,0x00000000c5180000)
 Metaspace       used 5200K, capacity 6011K, committed 6272K, reserved 1056768K
  class space    used 494K, capacity 528K, committed 640K, reserved 1048576K
}
Event: 983.060 GC heap before
{Heap before GC invocations=10 (full 0):
 PSYoungGen      total 19968K, used 19232K [0x00000000eb800000, 0x00000000ecf80000, 0x0000000100000000)
  eden space 15872K, 100% used [0x00000000eb800000,0x00000000ec780000,0x00000000ec780000)
  from space 4096K, 82% used [0x00000000ec780000,0x00000000ecac8000,0x00000000ecb80000)
  to   space 4096K, 0% used [0x00000000ecb80000,0x00000000ecb80000,0x00000000ecf80000)
 ParOldGen       total 42496K, used 6063K [0x00000000c2800000, 0x00000000c5180000, 0x00000000eb800000)
  object space 42496K, 14% used [0x00000000c2800000,0x00000000c2debd10,0x00000000c5180000)
 Metaspace       used 5200K, capacity 6011K, committed 6272K, reserved 1056768K
  class space    used 494K, capacity 528K, committed 640K, reserved 1048576K
Event: 983.082 GC heap after
Heap after GC invocations=10 (full 0):
 PSYoungGen      total 19968K, used 3360K [0x00000000eb800000, 0x00000000ecf80000, 0x0000000100000000)
  eden space 15872K, 0% used [0x00000000eb800000,0x00000000eb800000,0x00000000ec780000)
  from space 4096K, 82% used [0x00000000ecb80000,0x00000000ecec8000,0x00000000ecf80000)
  to   space 4096K, 0% used [0x00000000ec780000,0x00000000ec780000,0x00000000ecb80000)
 ParOldGen       total 42496K, used 6063K [0x00000000c2800000, 0x00000000c5180000, 0x00000000eb800000)
  object space 42496K, 14% used [0x00000000c2800000,0x00000000c2debd10,0x00000000c5180000)
 Metaspace       used 5200K, capacity 6011K, committed 6272K, reserved 1056768K
  class space    used 494K, capacity 528K, committed 640K, reserved 1048576K
}
Event: 1081.494 GC heap before
{Heap before GC invocations=11 (full 0):
 PSYoungGen      total 19968K, used 19232K [0x00000000eb800000, 0x00000000ecf80000, 0x0000000100000000)
  eden space 15872K, 100% used [0x00000000eb800000,0x00000000ec780000,0x00000000ec780000)
  from space 4096K, 82% used [0x00000000ecb80000,0x00000000ecec8000,0x00000000ecf80000)
  to   space 4096K, 0% used [0x00000000ec780000,0x00000000ec780000,0x00000000ecb80000)
 ParOldGen       total 42496K, used 6063K [0x00000000c2800000, 0x00000000c5180000, 0x00000000eb800000)
  object space 42496K, 14% used [0x00000000c2800000,0x00000000c2debd10,0x00000000c5180000)
 Metaspace       used 5200K, capacity 6011K, committed 6272K, reserved 1056768K
  class space    used 494K, capacity 528K, committed 640K, reserved 1048576K
Event: 1081.516 GC heap after
Heap after GC invocations=11 (full 0):
 PSYoungGen      total 19968K, used 3360K [0x00000000eb800000, 0x00000000ecf80000, 0x0000000100000000)
  eden space 15872K, 0% used [0x00000000eb800000,0x00000000eb800000,0x00000000ec780000)
  from space 4096K, 82% used [0x00000000ec780000,0x00000000ecac8000,0x00000000ecb80000)
  to   space 4096K, 0% used [0x00000000ecb80000,0x00000000ecb80000,0x00000000ecf80000)
 ParOldGen       total 42496K, used 6079K [0x00000000c2800000, 0x00000000c5180000, 0x00000000eb800000)
  object space 42496K, 14% used [0x00000000c2800000,0x00000000c2defd10,0x00000000c5180000)
 Metaspace       used 5200K, capacity 6011K, committed 6272K, reserved 1056768K
  class space    used 494K, capacity 528K, committed 640K, reserved 1048576K
}
Event: 1179.922 GC heap before
{Heap before GC invocations=12 (full 0):
 PSYoungGen      total 19968K, used 19232K [0x00000000eb800000, 0x00000000ecf80000, 0x0000000100000000)
  eden space 15872K, 100% used [0x00000000eb800000,0x00000000ec780000,0x00000000ec780000)
  from space 4096K, 82% used [0x00000000ec780000,0x00000000ecac8000,0x00000000ecb80000)
  to   space 4096K, 0% used [0x00000000ecb80000,0x00000000ecb80000,0x00000000ecf80000)
 ParOldGen       total 42496K, used 6079K [0x00000000c2800000, 0x00000000c5180000, 0x00000000eb800000)
  object space 42496K, 14% used [0x00000000c2800000,0x00000000c2defd10,0x00000000c5180000)
 Metaspace       used 5200K, capacity 6011K, committed 6272K, reserved 1056768K
  class space    used 494K, capacity 528K, committed 640K, reserved 1048576K
Event: 1179.946 GC heap after
Heap after GC invocations=12 (full 0):
 PSYoungGen      total 19968K, used 3360K [0x00000000eb800000, 0x00000000ecf80000, 0x0000000100000000)
  eden space 15872K, 0% used [0x00000000eb800000,0x00000000eb800000,0x00000000ec780000)
  from space 4096K, 82% used [0x00000000ecb80000,0x00000000ecec8000,0x00000000ecf80000)
  to   space 4096K, 0% used [0x00000000ec780000,0x00000000ec780000,0x00000000ecb80000)
 ParOldGen       total 42496K, used 6087K [0x00000000c2800000, 0x00000000c5180000, 0x00000000eb800000)
  object space 42496K, 14% used [0x00000000c2800000,0x00000000c2df1d10,0x00000000c5180000)
 Metaspace       used 5200K, capacity 6011K, committed 6272K, reserved 1056768K
  class space    used 494K, capacity 528K, committed 640K, reserved 1048576K
}

